####### START SENTENCE 0 #######
##### Sentence tokens #####
| Word   | POS   | POS Definition   | Tag   | Tag Definition                    | Dep.   | Dep. Definition   | Lemma.   |
|--------|-------|------------------|-------|-----------------------------------|--------|-------------------|----------|
| The    | DET   | determiner       | DT    | determiner                        | det    | determiner        | the      |
| dog    | NOUN  | noun             | NN    | noun, singular or mass            | nsubj  | nominal subject   | dog      |
| chased | VERB  | verb             | VBD   | verb, past tense                  | ROOT   |                   | chase    |
| the    | DET   | determiner       | DT    | determiner                        | det    | determiner        | the      |
| cat    | NOUN  | noun             | NN    | noun, singular or mass            | dobj   | direct object     | cat      |
| .      | PUNCT | punctuation      | .     | punctuation mark, sentence closer | punct  | punctuation       | .        | 

{'nouns': [{'dep': 'nsubj',
            'dep_desc': 'nominal subject',
            'determiner': 'The',
            'determiner_type': 'definite',
            'person': '3rd',
            'phrase': 'The dog',
            'phrase_lemma': 'the dog',
            'pos': 'NOUN',
            'pos_desc': 'noun',
            'root': 'dog',
            'root_head': 'chased',
            'root_lemma': 'dog',
            'similarities': [(0.31224936, The dog, chased)],
            'span': The dog,
            'tag': 'NN',
            'tag_desc': 'noun, singular or mass'},
           {'dep': 'dobj',
            'dep_desc': 'direct object',
            'determiner': 'The',
            'determiner_type': 'definite',
            'person': '3rd',
            'phrase': 'the cat',
            'phrase_lemma': 'the cat',
            'pos': 'NOUN',
            'pos_desc': 'noun',
            'root': 'cat',
            'root_head': 'chased',
            'root_lemma': 'cat',
            'similarities': [(0.31056538, the cat, chased)],
            'span': the cat,
            'tag': 'NN',
            'tag_desc': 'noun, singular or mass'}],
 'sentence': 'The dog chased the cat.',
 'verbs': [{'aspect': 'simple',
            'dep': 'ROOT',
            'dep_desc': None,
            'phrase': 'chased',
            'phrase_lemma': 'chase',
            'pos': 'VERB',
            'pos_desc': 'verb',
            'root': 'chased',
            'root_head': 'chased',
            'root_lemma': 'chase',
            'similarities': [(0.31224936, The dog, chased),
                             (0.31056538, the cat, chased)],
            'span': chased,
            'tag': 'VBD',
            'tag_desc': 'verb, past tense',
            'tense': 'past',
            'transitivity': 'transitive',
            'valency': 2,
            'voice': 'active'}]}
Sentence run time: 0.04s
####### END SENTENCE 0 #######
Total run time: 0.04s
